Assembler report for Out_Of_Order_Cpu_Pipeline_Design_FPGA
Sat May 16 17:18:10 2026
Quartus Prime Version 25.1std.0 Build 1129 10/21/2025 SC Lite Edition


---------------------
; Table of Contents ;
---------------------
  1. Legal Notice
  2. Assembler Summary
  3. Assembler Settings
  4. Assembler Generated Files
  5. Assembler Device Options: D:/VLSI/Out_Of_Order_Cpu_Pipeline_Design/output_files/Out_Of_Order_Cpu_Pipeline_Design_FPGA.sof
  6. Assembler Messages



----------------
; Legal Notice ;
----------------
Copyright (C) 2025  Altera Corporation. All rights reserved.
Your use of Altera Corporation's design tools, logic functions 
and other software and tools, and any partner logic 
functions, and any output files from any of the foregoing 
(including device programming or simulation files), and any 
associated documentation or information are expressly subject 
to the terms and conditions of the Altera Program License 
Subscription Agreement, the Altera Quartus Prime License Agreement,
the Altera IP License Agreement, or other applicable license
agreement, including, without limitation, that your use is for
the sole purpose of programming logic devices manufactured by
Altera and sold by Altera or its authorized distributors.  Please
refer to the Altera Software License Subscription Agreements 
on the Quartus Prime software download page.



+---------------------------------------------------------------+
; Assembler Summary                                             ;
+-----------------------+---------------------------------------+
; Assembler Status      ; Successful - Sat May 16 17:18:10 2026 ;
; Revision Name         ; Out_Of_Order_Cpu_Pipeline_Design_FPGA ;
; Top-level Entity Name ; cpu_top                               ;
; Family                ; Cyclone V                             ;
; Device                ; 5CGXFC5C6F23C6                        ;
+-----------------------+---------------------------------------+


+----------------------------------+
; Assembler Settings               ;
+--------+---------+---------------+
; Option ; Setting ; Default Value ;
+--------+---------+---------------+


+-------------------------------------------------------------------------------------------------+
; Assembler Generated Files                                                                       ;
+-------------------------------------------------------------------------------------------------+
; File Name                                                                                       ;
+-------------------------------------------------------------------------------------------------+
; D:/VLSI/Out_Of_Order_Cpu_Pipeline_Design/output_files/Out_Of_Order_Cpu_Pipeline_Design_FPGA.sof ;
+-------------------------------------------------------------------------------------------------+


+---------------------------------------------------------------------------------------------------------------------------+
; Assembler Device Options: D:/VLSI/Out_Of_Order_Cpu_Pipeline_Design/output_files/Out_Of_Order_Cpu_Pipeline_Design_FPGA.sof ;
+----------------+----------------------------------------------------------------------------------------------------------+
; Option         ; Setting                                                                                                  ;
+----------------+----------------------------------------------------------------------------------------------------------+
; JTAG usercode  ; 0x008075C1                                                                                               ;
; Checksum       ; 0x008075C1                                                                                               ;
+----------------+----------------------------------------------------------------------------------------------------------+


+--------------------+
; Assembler Messages ;
+--------------------+
Info: *******************************************************************
Info: Running Quartus Prime Assembler
    Info: Version 25.1std.0 Build 1129 10/21/2025 SC Lite Edition
    Info: Processing started: Sat May 16 17:18:04 2026
Info: Command: quartus_asm --read_settings_files=off --write_settings_files=off Out_Of_Order_Cpu_Pipeline_Design_FPGA -c Out_Of_Order_Cpu_Pipeline_Design_FPGA
Warning (18236): Number of processors has not been specified which may cause overloading on shared machines.  Set the global assignment NUM_PARALLEL_PROCESSORS in your QSF to an appropriate value for best performance.
Info (115030): Assembler is generating device programming files
Info: Quartus Prime Assembler was successful. 0 errors, 1 warning
    Info: Peak virtual memory: 5123 megabytes
    Info: Processing ended: Sat May 16 17:18:10 2026
    Info: Elapsed time: 00:00:06
    Info: Total CPU time (on all processors): 00:00:06


