Analysis & Synthesis report for Out_Of_Order_Cpu_Pipeline_Design_FPGA
Sat May 16 17:17:21 2026
Quartus Prime Version 25.1std.0 Build 1129 10/21/2025 SC Lite Edition


---------------------
; Table of Contents ;
---------------------
  1. Legal Notice
  2. Analysis & Synthesis Summary
  3. Analysis & Synthesis Settings
  4. Parallel Compilation
  5. Analysis & Synthesis Source Files Read
  6. Analysis & Synthesis Resource Usage Summary
  7. Analysis & Synthesis Resource Utilization by Entity
  8. Analysis & Synthesis RAM Summary
  9. Registers Removed During Synthesis
 10. Removed Registers Triggering Further Register Optimizations
 11. General Register Statistics
 12. Inverted Register Statistics
 13. Registers Packed Into Inferred Megafunctions
 14. Source assignments for altshift_taps:if_id_instr_rtl_0|shift_taps_3dv:auto_generated|altsyncram_pfc1:altsyncram4
 15. Source assignments for altshift_taps:if_id_instr_rtl_0|shift_taps_3dv:auto_generated|cntr_b1h:cntr5
 16. Parameter Settings for User Entity Instance: fetch_unit:u_fetch
 17. Parameter Settings for User Entity Instance: fetch_unit:u_fetch|pc_logic:pc_inst
 18. Parameter Settings for User Entity Instance: fetch_unit:u_fetch|next_pc_logic:npc_inst
 19. Parameter Settings for User Entity Instance: reservation_station:u_rs
 20. Parameter Settings for Inferred Entity Instance: altshift_taps:if_id_instr_rtl_0
 21. altshift_taps Parameter Settings by Entity Instance
 22. Port Connectivity Checks: "reservation_station:u_rs"
 23. Port Connectivity Checks: "decoder:u_decode"
 24. Port Connectivity Checks: "fetch_unit:u_fetch"
 25. Post-Synthesis Netlist Statistics for Top Partition
 26. Elapsed Time Per Partition
 27. Analysis & Synthesis Messages



----------------
; Legal Notice ;
----------------
Copyright (C) 2025  Altera Corporation. All rights reserved.
Your use of Altera Corporation's design tools, logic functions 
and other software and tools, and any partner logic 
functions, and any output files from any of the foregoing 
(including device programming or simulation files), and any 
associated documentation or information are expressly subject 
to the terms and conditions of the Altera Program License 
Subscription Agreement, the Altera Quartus Prime License Agreement,
the Altera IP License Agreement, or other applicable license
agreement, including, without limitation, that your use is for
the sole purpose of programming logic devices manufactured by
Altera and sold by Altera or its authorized distributors.  Please
refer to the Altera Software License Subscription Agreements 
on the Quartus Prime software download page.



+-----------------------------------------------------------------------------------+
; Analysis & Synthesis Summary                                                      ;
+---------------------------------+-------------------------------------------------+
; Analysis & Synthesis Status     ; Successful - Sat May 16 17:17:21 2026           ;
; Quartus Prime Version           ; 25.1std.0 Build 1129 10/21/2025 SC Lite Edition ;
; Revision Name                   ; Out_Of_Order_Cpu_Pipeline_Design_FPGA           ;
; Top-level Entity Name           ; cpu_top                                         ;
; Family                          ; Cyclone V                                       ;
; Logic utilization (in ALMs)     ; N/A                                             ;
; Total registers                 ; 71                                              ;
; Total pins                      ; 130                                             ;
; Total virtual pins              ; 0                                               ;
; Total block memory bits         ; 87                                              ;
; Total DSP Blocks                ; 0                                               ;
; Total HSSI RX PCSs              ; 0                                               ;
; Total HSSI PMA RX Deserializers ; 0                                               ;
; Total HSSI TX PCSs              ; 0                                               ;
; Total HSSI PMA TX Serializers   ; 0                                               ;
; Total PLLs                      ; 0                                               ;
; Total DLLs                      ; 0                                               ;
+---------------------------------+-------------------------------------------------+


+-------------------------------------------------------------------------------------------------------------------------------------------------------------------------------+
; Analysis & Synthesis Settings                                                                                                                                                 ;
+---------------------------------------------------------------------------------+-----------------------------------------------------+---------------------------------------+
; Option                                                                          ; Setting                                             ; Default Value                         ;
+---------------------------------------------------------------------------------+-----------------------------------------------------+---------------------------------------+
; Device                                                                          ; 5CGXFC5C6F23C6                                      ;                                       ;
; Top-level entity name                                                           ; cpu_top                                             ; Out_Of_Order_Cpu_Pipeline_Design_FPGA ;
; Family name                                                                     ; Cyclone V                                           ; Cyclone V                             ;
; Verilog Library Mapping File                                                    ; D:\VLSI\Out_Of_Order_Cpu_Pipeline_Design\RTL\common ;                                       ;
; Verilog Show LMF Mapping Messages                                               ; Off                                                 ;                                       ;
; Verilog Version                                                                 ; SystemVerilog_2005                                  ; Verilog_2001                          ;
; Use smart compilation                                                           ; Off                                                 ; Off                                   ;
; Enable parallel Assembler and Timing Analyzer during compilation                ; On                                                  ; On                                    ;
; Enable compact report table                                                     ; Off                                                 ; Off                                   ;
; Restructure Multiplexers                                                        ; Auto                                                ; Auto                                  ;
; MLAB Add Timing Constraints For Mixed-Port Feed-Through Mode Setting Don't Care ; Off                                                 ; Off                                   ;
; Create Debugging Nodes for IP Cores                                             ; Off                                                 ; Off                                   ;
; Preserve fewer node names                                                       ; On                                                  ; On                                    ;
; Intel FPGA IP Evaluation Mode                                                   ; Enable                                              ; Enable                                ;
; VHDL Version                                                                    ; VHDL_1993                                           ; VHDL_1993                             ;
; State Machine Processing                                                        ; Auto                                                ; Auto                                  ;
; Safe State Machine                                                              ; Off                                                 ; Off                                   ;
; Extract Verilog State Machines                                                  ; On                                                  ; On                                    ;
; Extract VHDL State Machines                                                     ; On                                                  ; On                                    ;
; Ignore Verilog initial constructs                                               ; Off                                                 ; Off                                   ;
; Iteration limit for constant Verilog loops                                      ; 5000                                                ; 5000                                  ;
; Iteration limit for non-constant Verilog loops                                  ; 250                                                 ; 250                                   ;
; Add Pass-Through Logic to Inferred RAMs                                         ; On                                                  ; On                                    ;
; Infer RAMs from Raw Logic                                                       ; On                                                  ; On                                    ;
; Parallel Synthesis                                                              ; On                                                  ; On                                    ;
; DSP Block Balancing                                                             ; Auto                                                ; Auto                                  ;
; NOT Gate Push-Back                                                              ; On                                                  ; On                                    ;
; Power-Up Don't Care                                                             ; On                                                  ; On                                    ;
; Remove Redundant Logic Cells                                                    ; Off                                                 ; Off                                   ;
; Remove Duplicate Registers                                                      ; On                                                  ; On                                    ;
; Ignore CARRY Buffers                                                            ; Off                                                 ; Off                                   ;
; Ignore CASCADE Buffers                                                          ; Off                                                 ; Off                                   ;
; Ignore GLOBAL Buffers                                                           ; Off                                                 ; Off                                   ;
; Ignore ROW GLOBAL Buffers                                                       ; Off                                                 ; Off                                   ;
; Ignore LCELL Buffers                                                            ; Off                                                 ; Off                                   ;
; Ignore SOFT Buffers                                                             ; On                                                  ; On                                    ;
; Limit AHDL Integers to 32 Bits                                                  ; Off                                                 ; Off                                   ;
; Optimization Technique                                                          ; Balanced                                            ; Balanced                              ;
; Carry Chain Length                                                              ; 70                                                  ; 70                                    ;
; Auto Carry Chains                                                               ; On                                                  ; On                                    ;
; Auto Open-Drain Pins                                                            ; On                                                  ; On                                    ;
; Perform WYSIWYG Primitive Resynthesis                                           ; Off                                                 ; Off                                   ;
; Auto ROM Replacement                                                            ; On                                                  ; On                                    ;
; Auto RAM Replacement                                                            ; On                                                  ; On                                    ;
; Auto DSP Block Replacement                                                      ; On                                                  ; On                                    ;
; Auto Shift Register Replacement                                                 ; Auto                                                ; Auto                                  ;
; Allow Shift Register Merging across Hierarchies                                 ; Auto                                                ; Auto                                  ;
; Auto Clock Enable Replacement                                                   ; On                                                  ; On                                    ;
; Strict RAM Replacement                                                          ; Off                                                 ; Off                                   ;
; Allow Synchronous Control Signals                                               ; On                                                  ; On                                    ;
; Force Use of Synchronous Clear Signals                                          ; Off                                                 ; Off                                   ;
; Auto Resource Sharing                                                           ; Off                                                 ; Off                                   ;
; Allow Any RAM Size For Recognition                                              ; Off                                                 ; Off                                   ;
; Allow Any ROM Size For Recognition                                              ; Off                                                 ; Off                                   ;
; Allow Any Shift Register Size For Recognition                                   ; Off                                                 ; Off                                   ;
; Use LogicLock Constraints during Resource Balancing                             ; On                                                  ; On                                    ;
; Ignore translate_off and synthesis_off directives                               ; Off                                                 ; Off                                   ;
; Timing-Driven Synthesis                                                         ; On                                                  ; On                                    ;
; Report Parameter Settings                                                       ; On                                                  ; On                                    ;
; Report Source Assignments                                                       ; On                                                  ; On                                    ;
; Report Connectivity Checks                                                      ; On                                                  ; On                                    ;
; Ignore Maximum Fan-Out Assignments                                              ; Off                                                 ; Off                                   ;
; Synchronization Register Chain Length                                           ; 3                                                   ; 3                                     ;
; Power Optimization During Synthesis                                             ; Normal compilation                                  ; Normal compilation                    ;
; HDL message level                                                               ; Level2                                              ; Level2                                ;
; Suppress Register Optimization Related Messages                                 ; Off                                                 ; Off                                   ;
; Number of Removed Registers Reported in Synthesis Report                        ; 5000                                                ; 5000                                  ;
; Number of Swept Nodes Reported in Synthesis Report                              ; 5000                                                ; 5000                                  ;
; Number of Inverted Registers Reported in Synthesis Report                       ; 100                                                 ; 100                                   ;
; Clock MUX Protection                                                            ; On                                                  ; On                                    ;
; Auto Gated Clock Conversion                                                     ; Off                                                 ; Off                                   ;
; Block Design Naming                                                             ; Auto                                                ; Auto                                  ;
; SDC constraint protection                                                       ; Off                                                 ; Off                                   ;
; Synthesis Effort                                                                ; Auto                                                ; Auto                                  ;
; Shift Register Replacement - Allow Asynchronous Clear Signal                    ; On                                                  ; On                                    ;
; Pre-Mapping Resynthesis Optimization                                            ; Off                                                 ; Off                                   ;
; Analysis & Synthesis Message Level                                              ; Medium                                              ; Medium                                ;
; Disable Register Merging Across Hierarchies                                     ; Auto                                                ; Auto                                  ;
; Resource Aware Inference For Block RAM                                          ; On                                                  ; On                                    ;
; Automatic Parallel Synthesis                                                    ; On                                                  ; On                                    ;
; Partial Reconfiguration Bitstream ID                                            ; Off                                                 ; Off                                   ;
+---------------------------------------------------------------------------------+-----------------------------------------------------+---------------------------------------+


+------------------------------------------+
; Parallel Compilation                     ;
+----------------------------+-------------+
; Processors                 ; Number      ;
+----------------------------+-------------+
; Number detected on machine ; 8           ;
; Maximum allowed            ; 4           ;
;                            ;             ;
; Average used               ; 1.00        ;
; Maximum used               ; 4           ;
;                            ;             ;
; Usage by Processor         ; % Time Used ;
;     Processor 1            ; 100.0%      ;
;     Processors 2-4         ;   0.0%      ;
+----------------------------+-------------+


+---------------------------------------------------------------------------------------------------------------------------------------------------------------------------------------+
; Analysis & Synthesis Source Files Read                                                                                                                                                ;
+----------------------------------+-----------------+---------------------------------------------+--------------------------------------------------------------------------+---------+
; File Name with User-Entered Path ; Used in Netlist ; File Type                                   ; File Name with Absolute Path                                             ; Library ;
+----------------------------------+-----------------+---------------------------------------------+--------------------------------------------------------------------------+---------+
; RTL/fetch/pc_logic.sv            ; yes             ; User SystemVerilog HDL File                 ; D:/VLSI/Out_Of_Order_Cpu_Pipeline_Design/RTL/fetch/pc_logic.sv           ;         ;
; RTL/fetch/next_pc_logic.sv       ; yes             ; User SystemVerilog HDL File                 ; D:/VLSI/Out_Of_Order_Cpu_Pipeline_Design/RTL/fetch/next_pc_logic.sv      ;         ;
; RTL/fetch/fetch_unit.sv          ; yes             ; User SystemVerilog HDL File                 ; D:/VLSI/Out_Of_Order_Cpu_Pipeline_Design/RTL/fetch/fetch_unit.sv         ;         ;
; RTL/decode/decoder.sv            ; yes             ; User SystemVerilog HDL File                 ; D:/VLSI/Out_Of_Order_Cpu_Pipeline_Design/RTL/decode/decoder.sv           ;         ;
; RTL/rs/reservation_station.sv    ; yes             ; User SystemVerilog HDL File                 ; D:/VLSI/Out_Of_Order_Cpu_Pipeline_Design/RTL/rs/reservation_station.sv   ;         ;
; RTL/top/cpu_top.sv               ; yes             ; User SystemVerilog HDL File                 ; D:/VLSI/Out_Of_Order_Cpu_Pipeline_Design/RTL/top/cpu_top.sv              ;         ;
; program.hex                      ; yes             ; Auto-Found Hexadecimal (Intel-Format) File  ; D:/VLSI/Out_Of_Order_Cpu_Pipeline_Design/program.hex                     ;         ;
; rtl/common/macros.svh            ; yes             ; Auto-Found Unspecified File                 ; D:/VLSI/Out_Of_Order_Cpu_Pipeline_Design/rtl/common/macros.svh           ;         ;
; rtl/common/defines.svh           ; yes             ; Auto-Found Unspecified File                 ; D:/VLSI/Out_Of_Order_Cpu_Pipeline_Design/rtl/common/defines.svh          ;         ;
; altshift_taps.tdf                ; yes             ; Megafunction                                ; c:/altera_lite/25.1std/quartus/libraries/megafunctions/altshift_taps.tdf ;         ;
; altdpram.inc                     ; yes             ; Megafunction                                ; c:/altera_lite/25.1std/quartus/libraries/megafunctions/altdpram.inc      ;         ;
; lpm_counter.inc                  ; yes             ; Megafunction                                ; c:/altera_lite/25.1std/quartus/libraries/megafunctions/lpm_counter.inc   ;         ;
; lpm_compare.inc                  ; yes             ; Megafunction                                ; c:/altera_lite/25.1std/quartus/libraries/megafunctions/lpm_compare.inc   ;         ;
; lpm_constant.inc                 ; yes             ; Megafunction                                ; c:/altera_lite/25.1std/quartus/libraries/megafunctions/lpm_constant.inc  ;         ;
; db/shift_taps_3dv.tdf            ; yes             ; Auto-Generated Megafunction                 ; D:/VLSI/Out_Of_Order_Cpu_Pipeline_Design/db/shift_taps_3dv.tdf           ;         ;
; db/altsyncram_pfc1.tdf           ; yes             ; Auto-Generated Megafunction                 ; D:/VLSI/Out_Of_Order_Cpu_Pipeline_Design/db/altsyncram_pfc1.tdf          ;         ;
; db/cntr_ohf.tdf                  ; yes             ; Auto-Generated Megafunction                 ; D:/VLSI/Out_Of_Order_Cpu_Pipeline_Design/db/cntr_ohf.tdf                 ;         ;
; db/cmpr_a9c.tdf                  ; yes             ; Auto-Generated Megafunction                 ; D:/VLSI/Out_Of_Order_Cpu_Pipeline_Design/db/cmpr_a9c.tdf                 ;         ;
; db/cntr_b1h.tdf                  ; yes             ; Auto-Generated Megafunction                 ; D:/VLSI/Out_Of_Order_Cpu_Pipeline_Design/db/cntr_b1h.tdf                 ;         ;
+----------------------------------+-----------------+---------------------------------------------+--------------------------------------------------------------------------+---------+


+---------------------------------------------------------+
; Analysis & Synthesis Resource Usage Summary             ;
+---------------------------------------------+-----------+
; Resource                                    ; Usage     ;
+---------------------------------------------+-----------+
; Estimate of Logic utilization (ALMs needed) ; 81        ;
;                                             ;           ;
; Combinational ALUT usage for logic          ; 157       ;
;     -- 7 input functions                    ; 0         ;
;     -- 6 input functions                    ; 4         ;
;     -- 5 input functions                    ; 6         ;
;     -- 4 input functions                    ; 16        ;
;     -- <=3 input functions                  ; 131       ;
;                                             ;           ;
; Dedicated logic registers                   ; 71        ;
;                                             ;           ;
; I/O pins                                    ; 130       ;
; Total MLAB memory bits                      ; 0         ;
; Total block memory bits                     ; 87        ;
;                                             ;           ;
; Total DSP Blocks                            ; 0         ;
;                                             ;           ;
; Maximum fan-out node                        ; clk~input ;
; Maximum fan-out                             ; 100       ;
; Total fan-out                               ; 1002      ;
; Average fan-out                             ; 1.94      ;
+---------------------------------------------+-----------+


+---------------------------------------------------------------------------------------------------------------------------------------------------------------------------------------------------------------------------------------------------------------------------------------+
; Analysis & Synthesis Resource Utilization by Entity                                                                                                                                                                                                                                   ;
+----------------------------------------+---------------------+---------------------------+-------------------+------------+------+--------------+----------------------------------------------------------------------------------------------------+-----------------+--------------+
; Compilation Hierarchy Node             ; Combinational ALUTs ; Dedicated Logic Registers ; Block Memory Bits ; DSP Blocks ; Pins ; Virtual Pins ; Full Hierarchy Name                                                                                ; Entity Name     ; Library Name ;
+----------------------------------------+---------------------+---------------------------+-------------------+------------+------+--------------+----------------------------------------------------------------------------------------------------+-----------------+--------------+
; |cpu_top                               ; 157 (59)            ; 71 (3)                    ; 87                ; 0          ; 130  ; 0            ; |cpu_top                                                                                           ; cpu_top         ; work         ;
;    |altshift_taps:if_id_instr_rtl_0|   ; 11 (0)              ; 6 (0)                     ; 87                ; 0          ; 0    ; 0            ; |cpu_top|altshift_taps:if_id_instr_rtl_0                                                           ; altshift_taps   ; work         ;
;       |shift_taps_3dv:auto_generated|  ; 11 (3)              ; 6 (3)                     ; 87                ; 0          ; 0    ; 0            ; |cpu_top|altshift_taps:if_id_instr_rtl_0|shift_taps_3dv:auto_generated                             ; shift_taps_3dv  ; work         ;
;          |altsyncram_pfc1:altsyncram4| ; 0 (0)               ; 0 (0)                     ; 87                ; 0          ; 0    ; 0            ; |cpu_top|altshift_taps:if_id_instr_rtl_0|shift_taps_3dv:auto_generated|altsyncram_pfc1:altsyncram4 ; altsyncram_pfc1 ; work         ;
;          |cntr_b1h:cntr5|              ; 3 (3)               ; 1 (1)                     ; 0                 ; 0          ; 0    ; 0            ; |cpu_top|altshift_taps:if_id_instr_rtl_0|shift_taps_3dv:auto_generated|cntr_b1h:cntr5              ; cntr_b1h        ; work         ;
;          |cntr_ohf:cntr1|              ; 5 (5)               ; 2 (2)                     ; 0                 ; 0          ; 0    ; 0            ; |cpu_top|altshift_taps:if_id_instr_rtl_0|shift_taps_3dv:auto_generated|cntr_ohf:cntr1              ; cntr_ohf        ; work         ;
;    |fetch_unit:u_fetch|                ; 87 (24)             ; 62 (0)                    ; 0                 ; 0          ; 0    ; 0            ; |cpu_top|fetch_unit:u_fetch                                                                        ; fetch_unit      ; work         ;
;       |next_pc_logic:npc_inst|         ; 62 (62)             ; 0 (0)                     ; 0                 ; 0          ; 0    ; 0            ; |cpu_top|fetch_unit:u_fetch|next_pc_logic:npc_inst                                                 ; next_pc_logic   ; work         ;
;       |pc_logic:pc_inst|               ; 1 (1)               ; 62 (62)                   ; 0                 ; 0          ; 0    ; 0            ; |cpu_top|fetch_unit:u_fetch|pc_logic:pc_inst                                                       ; pc_logic        ; work         ;
+----------------------------------------+---------------------+---------------------------+-------------------+------------+------+--------------+----------------------------------------------------------------------------------------------------+-----------------+--------------+
Note: For table entries with two numbers listed, the numbers in parentheses indicate the number of resources of the given type used by the specific entity alone. The numbers listed outside of parentheses indicate the total resources of the given type used by the specific entity and all of its sub-entities in the hierarchy.


+----------------------------------------------------------------------------------------------------------------------------------------------------------------------------------------------------------+
; Analysis & Synthesis RAM Summary                                                                                                                                                                         ;
+------------------------------------------------------------------------------------------------------+------+------------------+--------------+--------------+--------------+--------------+------+------+
; Name                                                                                                 ; Type ; Mode             ; Port A Depth ; Port A Width ; Port B Depth ; Port B Width ; Size ; MIF  ;
+------------------------------------------------------------------------------------------------------+------+------------------+--------------+--------------+--------------+--------------+------+------+
; altshift_taps:if_id_instr_rtl_0|shift_taps_3dv:auto_generated|altsyncram_pfc1:altsyncram4|ALTSYNCRAM ; AUTO ; Simple Dual Port ; 3            ; 29           ; 3            ; 29           ; 87   ; None ;
+------------------------------------------------------------------------------------------------------+------+------------------+--------------+--------------+--------------+--------------+------+------+


+--------------------------------------------------------------------------------------+
; Registers Removed During Synthesis                                                   ;
+---------------------------------------------+----------------------------------------+
; Register name                               ; Reason for Removal                     ;
+---------------------------------------------+----------------------------------------+
; fetch_unit:u_fetch|pc_logic:pc_inst|pc[0,1] ; Stuck at GND due to stuck port data_in ;
; if_id_instr[0,1,4]                          ; Stuck at VCC due to stuck port data_in ;
; id_ex_instr[0,1,4]                          ; Stuck at VCC due to stuck port data_in ;
; ex_mem_instr[0,1,4]                         ; Stuck at VCC due to stuck port data_in ;
; Total Number of Removed Registers = 11      ;                                        ;
+---------------------------------------------+----------------------------------------+


+-------------------------------------------------------------------------------------+
; Removed Registers Triggering Further Register Optimizations                         ;
+----------------+---------------------------+----------------------------------------+
; Register name  ; Reason for Removal        ; Registers Removed due to This Register ;
+----------------+---------------------------+----------------------------------------+
; if_id_instr[0] ; Stuck at VCC              ; id_ex_instr[0], ex_mem_instr[0]        ;
;                ; due to stuck port data_in ;                                        ;
; if_id_instr[1] ; Stuck at VCC              ; id_ex_instr[1], ex_mem_instr[1]        ;
;                ; due to stuck port data_in ;                                        ;
; if_id_instr[4] ; Stuck at VCC              ; id_ex_instr[4], ex_mem_instr[4]        ;
;                ; due to stuck port data_in ;                                        ;
+----------------+---------------------------+----------------------------------------+


+------------------------------------------------------+
; General Register Statistics                          ;
+----------------------------------------------+-------+
; Statistic                                    ; Value ;
+----------------------------------------------+-------+
; Total registers                              ; 71    ;
; Number of registers using Synchronous Clear  ; 61    ;
; Number of registers using Synchronous Load   ; 0     ;
; Number of registers using Asynchronous Clear ; 5     ;
; Number of registers using Asynchronous Load  ; 0     ;
; Number of registers using Clock Enable       ; 1     ;
; Number of registers using Preset             ; 0     ;
+----------------------------------------------+-------+


+---------------------------------------------------------------------------------------------------------+
; Inverted Register Statistics                                                                            ;
+-----------------------------------------------------------------------------------------------+---------+
; Inverted Register                                                                             ; Fan out ;
+-----------------------------------------------------------------------------------------------+---------+
; altshift_taps:if_id_instr_rtl_0|shift_taps_3dv:auto_generated|dffe6                           ; 29      ;
; altshift_taps:if_id_instr_rtl_0|shift_taps_3dv:auto_generated|cntr_b1h:cntr5|counter_reg_bit0 ; 1       ;
; Total number of inverted registers = 2                                                        ;         ;
+-----------------------------------------------------------------------------------------------+---------+


+----------------------------------------------------------+
; Registers Packed Into Inferred Megafunctions             ;
+-------------------------+-------------------+------------+
; Register Name           ; Megafunction      ; Type       ;
+-------------------------+-------------------+------------+
; ex_mem_instr[2,3,5..31] ; if_id_instr_rtl_0 ; SHIFT_TAPS ;
; id_ex_instr[2,3,5..31]  ; if_id_instr_rtl_0 ; SHIFT_TAPS ;
; if_id_instr[2,3,5..31]  ; if_id_instr_rtl_0 ; SHIFT_TAPS ;
+-------------------------+-------------------+------------+


+------------------------------------------------------------------------------------------------------------------+
; Source assignments for altshift_taps:if_id_instr_rtl_0|shift_taps_3dv:auto_generated|altsyncram_pfc1:altsyncram4 ;
+---------------------------------+--------------------+------+----------------------------------------------------+
; Assignment                      ; Value              ; From ; To                                                 ;
+---------------------------------+--------------------+------+----------------------------------------------------+
; OPTIMIZE_POWER_DURING_SYNTHESIS ; NORMAL_COMPILATION ; -    ; -                                                  ;
+---------------------------------+--------------------+------+----------------------------------------------------+


+-----------------------------------------------------------------------------------------------------+
; Source assignments for altshift_taps:if_id_instr_rtl_0|shift_taps_3dv:auto_generated|cntr_b1h:cntr5 ;
+----------------+-------+------+---------------------------------------------------------------------+
; Assignment     ; Value ; From ; To                                                                  ;
+----------------+-------+------+---------------------------------------------------------------------+
; POWER_UP_LEVEL ; HIGH  ; -    ; counter_reg_bit0                                                    ;
+----------------+-------+------+---------------------------------------------------------------------+


+-----------------------------------------------------------------+
; Parameter Settings for User Entity Instance: fetch_unit:u_fetch ;
+----------------+-------+----------------------------------------+
; Parameter Name ; Value ; Type                                   ;
+----------------+-------+----------------------------------------+
; XLEN           ; 64    ; Signed Integer                         ;
+----------------+-------+----------------------------------------+
Note: In order to hide this table in the UI and the text report file, please set the "Show Parameter Settings in Synthesis Report" option in "Analysis and Synthesis Settings -> More Settings" to "Off".


+----------------------------------------------------------------------------------+
; Parameter Settings for User Entity Instance: fetch_unit:u_fetch|pc_logic:pc_inst ;
+----------------+-------+---------------------------------------------------------+
; Parameter Name ; Value ; Type                                                    ;
+----------------+-------+---------------------------------------------------------+
; XLEN           ; 64    ; Signed Integer                                          ;
+----------------+-------+---------------------------------------------------------+
Note: In order to hide this table in the UI and the text report file, please set the "Show Parameter Settings in Synthesis Report" option in "Analysis and Synthesis Settings -> More Settings" to "Off".


+----------------------------------------------------------------------------------------+
; Parameter Settings for User Entity Instance: fetch_unit:u_fetch|next_pc_logic:npc_inst ;
+----------------+-------+---------------------------------------------------------------+
; Parameter Name ; Value ; Type                                                          ;
+----------------+-------+---------------------------------------------------------------+
; XLEN           ; 64    ; Signed Integer                                                ;
+----------------+-------+---------------------------------------------------------------+
Note: In order to hide this table in the UI and the text report file, please set the "Show Parameter Settings in Synthesis Report" option in "Analysis and Synthesis Settings -> More Settings" to "Off".


+-----------------------------------------------------------------------+
; Parameter Settings for User Entity Instance: reservation_station:u_rs ;
+----------------+-------+----------------------------------------------+
; Parameter Name ; Value ; Type                                         ;
+----------------+-------+----------------------------------------------+
; RS_ENTRIES     ; 16    ; Signed Integer                               ;
+----------------+-------+----------------------------------------------+
Note: In order to hide this table in the UI and the text report file, please set the "Show Parameter Settings in Synthesis Report" option in "Analysis and Synthesis Settings -> More Settings" to "Off".


+----------------------------------------------------------------------------------+
; Parameter Settings for Inferred Entity Instance: altshift_taps:if_id_instr_rtl_0 ;
+----------------+----------------+------------------------------------------------+
; Parameter Name ; Value          ; Type                                           ;
+----------------+----------------+------------------------------------------------+
; WIDTH_BYTEENA  ; 1              ; Untyped                                        ;
; NUMBER_OF_TAPS ; 1              ; Untyped                                        ;
; TAP_DISTANCE   ; 3              ; Untyped                                        ;
; WIDTH          ; 29             ; Untyped                                        ;
; POWER_UP_STATE ; DONT_CARE      ; Untyped                                        ;
; CBXI_PARAMETER ; shift_taps_3dv ; Untyped                                        ;
+----------------+----------------+------------------------------------------------+
Note: In order to hide this table in the UI and the text report file, please set the "Show Parameter Settings in Synthesis Report" option in "Analysis and Synthesis Settings -> More Settings" to "Off".


+--------------------------------------------------------------+
; altshift_taps Parameter Settings by Entity Instance          ;
+----------------------------+---------------------------------+
; Name                       ; Value                           ;
+----------------------------+---------------------------------+
; Number of entity instances ; 1                               ;
; Entity Instance            ; altshift_taps:if_id_instr_rtl_0 ;
;     -- NUMBER_OF_TAPS      ; 1                               ;
;     -- TAP_DISTANCE        ; 3                               ;
;     -- WIDTH               ; 29                              ;
+----------------------------+---------------------------------+


+-------------------------------------------------------------+
; Port Connectivity Checks: "reservation_station:u_rs"        ;
+----------------+--------+----------+------------------------+
; Port           ; Type   ; Severity ; Details                ;
+----------------+--------+----------+------------------------+
; src1_tag[5..1] ; Input  ; Info     ; Stuck at GND           ;
; src1_tag[0]    ; Input  ; Info     ; Stuck at VCC           ;
; src2_tag[5..2] ; Input  ; Info     ; Stuck at GND           ;
; src2_tag[1]    ; Input  ; Info     ; Stuck at VCC           ;
; src2_tag[0]    ; Input  ; Info     ; Stuck at GND           ;
; dest_tag[1..0] ; Input  ; Info     ; Stuck at VCC           ;
; dest_tag[5..2] ; Input  ; Info     ; Stuck at GND           ;
; src1_ready     ; Input  ; Info     ; Stuck at VCC           ;
; src2_ready     ; Input  ; Info     ; Stuck at VCC           ;
; issue_grant    ; Input  ; Info     ; Stuck at GND           ;
; issue_index    ; Input  ; Info     ; Stuck at GND           ;
; rs_full        ; Output ; Info     ; Explicitly unconnected ;
+----------------+--------+----------+------------------------+


+------------------------------------------------------------------------------------------------------------------+
; Port Connectivity Checks: "decoder:u_decode"                                                                     ;
+--------+--------+----------+-------------------------------------------------------------------------------------+
; Port   ; Type   ; Severity ; Details                                                                             ;
+--------+--------+----------+-------------------------------------------------------------------------------------+
; opcode ; Output ; Info     ; Connected to dangling logic. Logic that only feeds a dangling port will be removed. ;
; rd     ; Output ; Info     ; Connected to dangling logic. Logic that only feeds a dangling port will be removed. ;
; funct3 ; Output ; Info     ; Connected to dangling logic. Logic that only feeds a dangling port will be removed. ;
; rs1    ; Output ; Info     ; Connected to dangling logic. Logic that only feeds a dangling port will be removed. ;
; rs2    ; Output ; Info     ; Connected to dangling logic. Logic that only feeds a dangling port will be removed. ;
; funct7 ; Output ; Info     ; Connected to dangling logic. Logic that only feeds a dangling port will be removed. ;
+--------+--------+----------+-------------------------------------------------------------------------------------+


+-------------------------------------------------+
; Port Connectivity Checks: "fetch_unit:u_fetch"  ;
+---------------+-------+----------+--------------+
; Port          ; Type  ; Severity ; Details      ;
+---------------+-------+----------+--------------+
; stall         ; Input ; Info     ; Stuck at GND ;
; flush         ; Input ; Info     ; Stuck at GND ;
; branch_taken  ; Input ; Info     ; Stuck at GND ;
; branch_target ; Input ; Info     ; Stuck at GND ;
+---------------+-------+----------+--------------+


+-----------------------------------------------------+
; Post-Synthesis Netlist Statistics for Top Partition ;
+-----------------------+-----------------------------+
; Type                  ; Count                       ;
+-----------------------+-----------------------------+
; arriav_ff             ; 71                          ;
;     CLR               ; 4                           ;
;     ENA CLR           ; 1                           ;
;     SCLR              ; 61                          ;
;     plain             ; 5                           ;
; arriav_lcell_comb     ; 157                         ;
;     arith             ; 95                          ;
;         0 data inputs ; 3                           ;
;         1 data inputs ; 92                          ;
;     normal            ; 62                          ;
;         0 data inputs ; 1                           ;
;         1 data inputs ; 4                           ;
;         2 data inputs ; 31                          ;
;         4 data inputs ; 16                          ;
;         5 data inputs ; 6                           ;
;         6 data inputs ; 4                           ;
; boundary_port         ; 130                         ;
; stratixv_ram_block    ; 29                          ;
;                       ;                             ;
; Max LUT depth         ; 7.10                        ;
; Average LUT depth     ; 4.08                        ;
+-----------------------+-----------------------------+


+-------------------------------+
; Elapsed Time Per Partition    ;
+----------------+--------------+
; Partition Name ; Elapsed Time ;
+----------------+--------------+
; Top            ; 00:00:01     ;
+----------------+--------------+


+-------------------------------+
; Analysis & Synthesis Messages ;
+-------------------------------+
Info: *******************************************************************
Info: Running Quartus Prime Analysis & Synthesis
    Info: Version 25.1std.0 Build 1129 10/21/2025 SC Lite Edition
    Info: Processing started: Sat May 16 17:17:10 2026
Info: Command: quartus_map --read_settings_files=on --write_settings_files=off Out_Of_Order_Cpu_Pipeline_Design_FPGA -c Out_Of_Order_Cpu_Pipeline_Design_FPGA
Warning (18236): Number of processors has not been specified which may cause overloading on shared machines.  Set the global assignment NUM_PARALLEL_PROCESSORS in your QSF to an appropriate value for best performance.
Info (20030): Parallel compilation is enabled and will use 4 of the 4 processors detected
Info (12021): Found 1 design units, including 0 entities, in source file rtl/packages/typedefs_pkg.sv
    Info (12022): Found design unit 1: typedefs_pkg (SystemVerilog) File: D:/VLSI/Out_Of_Order_Cpu_Pipeline_Design/RTL/packages/typedefs_pkg.sv Line: 5
Info (12021): Found 1 design units, including 0 entities, in source file rtl/packages/parameters_pkg.sv
    Info (12022): Found design unit 1: parameters_pkg (SystemVerilog) File: D:/VLSI/Out_Of_Order_Cpu_Pipeline_Design/RTL/packages/parameters_pkg.sv Line: 5
Info (12021): Found 1 design units, including 0 entities, in source file rtl/packages/enums_pkg.sv
    Info (12022): Found design unit 1: enums_pkg (SystemVerilog) File: D:/VLSI/Out_Of_Order_Cpu_Pipeline_Design/RTL/packages/enums_pkg.sv Line: 5
Info (12021): Found 1 design units, including 1 entities, in source file rtl/common/cpu_if.sv
    Info (12023): Found entity 1: cpu_if File: D:/VLSI/Out_Of_Order_Cpu_Pipeline_Design/RTL/common/cpu_if.sv Line: 5
Info (12021): Found 1 design units, including 1 entities, in source file rtl/fetch/pc_logic.sv
    Info (12023): Found entity 1: pc_logic File: D:/VLSI/Out_Of_Order_Cpu_Pipeline_Design/RTL/fetch/pc_logic.sv Line: 3
Info (12021): Found 1 design units, including 1 entities, in source file rtl/fetch/instruction_buffer.sv
    Info (12023): Found entity 1: instruction_buffer File: D:/VLSI/Out_Of_Order_Cpu_Pipeline_Design/RTL/fetch/instruction_buffer.sv Line: 1
Info (12021): Found 1 design units, including 1 entities, in source file rtl/fetch/next_pc_logic.sv
    Info (12023): Found entity 1: next_pc_logic File: D:/VLSI/Out_Of_Order_Cpu_Pipeline_Design/RTL/fetch/next_pc_logic.sv Line: 1
Info (12021): Found 1 design units, including 1 entities, in source file rtl/fetch/fetch_unit.sv
    Info (12023): Found entity 1: fetch_unit File: D:/VLSI/Out_Of_Order_Cpu_Pipeline_Design/RTL/fetch/fetch_unit.sv Line: 10
Info (12021): Found 1 design units, including 1 entities, in source file rtl/decode/decoder.sv
    Info (12023): Found entity 1: decoder File: D:/VLSI/Out_Of_Order_Cpu_Pipeline_Design/RTL/decode/decoder.sv Line: 10
Info (12021): Found 1 design units, including 1 entities, in source file rtl/decode/decode_top.sv
    Info (12023): Found entity 1: decode_top File: D:/VLSI/Out_Of_Order_Cpu_Pipeline_Design/RTL/decode/decode_top.sv Line: 1
Info (12021): Found 1 design units, including 1 entities, in source file rtl/rs/reservation_station.sv
    Info (12023): Found entity 1: reservation_station File: D:/VLSI/Out_Of_Order_Cpu_Pipeline_Design/RTL/rs/reservation_station.sv Line: 3
Info (12021): Found 1 design units, including 1 entities, in source file rtl/rob/rob.sv
    Info (12023): Found entity 1: rob File: D:/VLSI/Out_Of_Order_Cpu_Pipeline_Design/RTL/rob/rob.sv Line: 3
Info (12021): Found 1 design units, including 1 entities, in source file rtl/top/cpu_top.sv
    Info (12023): Found entity 1: cpu_top File: D:/VLSI/Out_Of_Order_Cpu_Pipeline_Design/RTL/top/cpu_top.sv Line: 10
Info (12127): Elaborating entity "cpu_top" for the top level hierarchy
Warning (10036): Verilog HDL or VHDL warning at cpu_top.sv(43): object "mem_wb_instr" assigned a value but never read File: D:/VLSI/Out_Of_Order_Cpu_Pipeline_Design/RTL/top/cpu_top.sv Line: 43
Warning (10036): Verilog HDL or VHDL warning at cpu_top.sv(69): object "regfile" assigned a value but never read File: D:/VLSI/Out_Of_Order_Cpu_Pipeline_Design/RTL/top/cpu_top.sv Line: 69
Warning (10240): Verilog HDL Always Construct warning at cpu_top.sv(222): inferring latch(es) for variable "i", which holds its previous value in one or more paths through the always construct File: D:/VLSI/Out_Of_Order_Cpu_Pipeline_Design/RTL/top/cpu_top.sv Line: 222
Info (12128): Elaborating entity "fetch_unit" for hierarchy "fetch_unit:u_fetch" File: D:/VLSI/Out_Of_Order_Cpu_Pipeline_Design/RTL/top/cpu_top.sv Line: 93
Info (10648): Verilog HDL Display System Task info at fetch_unit.sv(62): -------------------------------- File: D:/VLSI/Out_Of_Order_Cpu_Pipeline_Design/RTL/fetch/fetch_unit.sv Line: 62
Info (10648): Verilog HDL Display System Task info at fetch_unit.sv(64): Loading program.hex File: D:/VLSI/Out_Of_Order_Cpu_Pipeline_Design/RTL/fetch/fetch_unit.sv Line: 64
Info (10648): Verilog HDL Display System Task info at fetch_unit.sv(66): -------------------------------- File: D:/VLSI/Out_Of_Order_Cpu_Pipeline_Design/RTL/fetch/fetch_unit.sv Line: 66
Warning (10850): Verilog HDL warning at fetch_unit.sv(68): number of words (32) in memory file does not match the number of elements in the address range [0:255] File: D:/VLSI/Out_Of_Order_Cpu_Pipeline_Design/RTL/fetch/fetch_unit.sv Line: 68
Warning (10030): Net "imem.data_a" at fetch_unit.sv(40) has no driver or initial value, using a default initial value '0' File: D:/VLSI/Out_Of_Order_Cpu_Pipeline_Design/RTL/fetch/fetch_unit.sv Line: 40
Warning (10030): Net "imem.waddr_a" at fetch_unit.sv(40) has no driver or initial value, using a default initial value '0' File: D:/VLSI/Out_Of_Order_Cpu_Pipeline_Design/RTL/fetch/fetch_unit.sv Line: 40
Warning (10030): Net "imem.we_a" at fetch_unit.sv(40) has no driver or initial value, using a default initial value '0' File: D:/VLSI/Out_Of_Order_Cpu_Pipeline_Design/RTL/fetch/fetch_unit.sv Line: 40
Info (12128): Elaborating entity "pc_logic" for hierarchy "fetch_unit:u_fetch|pc_logic:pc_inst" File: D:/VLSI/Out_Of_Order_Cpu_Pipeline_Design/RTL/fetch/fetch_unit.sv Line: 88
Info (12128): Elaborating entity "next_pc_logic" for hierarchy "fetch_unit:u_fetch|next_pc_logic:npc_inst" File: D:/VLSI/Out_Of_Order_Cpu_Pipeline_Design/RTL/fetch/fetch_unit.sv Line: 104
Info (12128): Elaborating entity "decoder" for hierarchy "decoder:u_decode" File: D:/VLSI/Out_Of_Order_Cpu_Pipeline_Design/RTL/top/cpu_top.sv Line: 115
Info (12128): Elaborating entity "reservation_station" for hierarchy "reservation_station:u_rs" File: D:/VLSI/Out_Of_Order_Cpu_Pipeline_Design/RTL/top/cpu_top.sv Line: 143
Warning (10230): Verilog HDL assignment warning at reservation_station.sv(94): truncated value with size 32 to match size of target (5) File: D:/VLSI/Out_Of_Order_Cpu_Pipeline_Design/RTL/rs/reservation_station.sv Line: 94
Info (286030): Timing-Driven Synthesis is running
Info (19000): Inferred 1 megafunctions from design logic
    Info (276034): Inferred altshift_taps megafunction from the following design logic: "if_id_instr_rtl_0"
        Info (286033): Parameter NUMBER_OF_TAPS set to 1
        Info (286033): Parameter TAP_DISTANCE set to 3
        Info (286033): Parameter WIDTH set to 29
        Info (286033): Parameter POWER_UP_STATE set to DONT_CARE
Info (12130): Elaborated megafunction instantiation "altshift_taps:if_id_instr_rtl_0"
Info (12133): Instantiated megafunction "altshift_taps:if_id_instr_rtl_0" with the following parameter:
    Info (12134): Parameter "NUMBER_OF_TAPS" = "1"
    Info (12134): Parameter "TAP_DISTANCE" = "3"
    Info (12134): Parameter "WIDTH" = "29"
    Info (12134): Parameter "POWER_UP_STATE" = "DONT_CARE"
Info (12021): Found 1 design units, including 1 entities, in source file db/shift_taps_3dv.tdf
    Info (12023): Found entity 1: shift_taps_3dv File: D:/VLSI/Out_Of_Order_Cpu_Pipeline_Design/db/shift_taps_3dv.tdf Line: 29
Info (12021): Found 1 design units, including 1 entities, in source file db/altsyncram_pfc1.tdf
    Info (12023): Found entity 1: altsyncram_pfc1 File: D:/VLSI/Out_Of_Order_Cpu_Pipeline_Design/db/altsyncram_pfc1.tdf Line: 28
Info (12021): Found 1 design units, including 1 entities, in source file db/cntr_ohf.tdf
    Info (12023): Found entity 1: cntr_ohf File: D:/VLSI/Out_Of_Order_Cpu_Pipeline_Design/db/cntr_ohf.tdf Line: 28
Info (12021): Found 1 design units, including 1 entities, in source file db/cmpr_a9c.tdf
    Info (12023): Found entity 1: cmpr_a9c File: D:/VLSI/Out_Of_Order_Cpu_Pipeline_Design/db/cmpr_a9c.tdf Line: 23
Info (12021): Found 1 design units, including 1 entities, in source file db/cntr_b1h.tdf
    Info (12023): Found entity 1: cntr_b1h File: D:/VLSI/Out_Of_Order_Cpu_Pipeline_Design/db/cntr_b1h.tdf Line: 28
Warning (13024): Output pins are stuck at VCC or GND
    Warning (13410): Pin "debug_pc[0]" is stuck at GND File: D:/VLSI/Out_Of_Order_Cpu_Pipeline_Design/RTL/top/cpu_top.sv Line: 15
    Warning (13410): Pin "debug_pc[1]" is stuck at GND File: D:/VLSI/Out_Of_Order_Cpu_Pipeline_Design/RTL/top/cpu_top.sv Line: 15
    Warning (13410): Pin "debug_alu[4]" is stuck at GND File: D:/VLSI/Out_Of_Order_Cpu_Pipeline_Design/RTL/top/cpu_top.sv Line: 17
    Warning (13410): Pin "debug_alu[33]" is stuck at GND File: D:/VLSI/Out_Of_Order_Cpu_Pipeline_Design/RTL/top/cpu_top.sv Line: 17
    Warning (13410): Pin "debug_alu[34]" is stuck at GND File: D:/VLSI/Out_Of_Order_Cpu_Pipeline_Design/RTL/top/cpu_top.sv Line: 17
    Warning (13410): Pin "debug_alu[35]" is stuck at GND File: D:/VLSI/Out_Of_Order_Cpu_Pipeline_Design/RTL/top/cpu_top.sv Line: 17
    Warning (13410): Pin "debug_alu[36]" is stuck at GND File: D:/VLSI/Out_Of_Order_Cpu_Pipeline_Design/RTL/top/cpu_top.sv Line: 17
    Warning (13410): Pin "debug_alu[37]" is stuck at GND File: D:/VLSI/Out_Of_Order_Cpu_Pipeline_Design/RTL/top/cpu_top.sv Line: 17
    Warning (13410): Pin "debug_alu[38]" is stuck at GND File: D:/VLSI/Out_Of_Order_Cpu_Pipeline_Design/RTL/top/cpu_top.sv Line: 17
    Warning (13410): Pin "debug_alu[39]" is stuck at GND File: D:/VLSI/Out_Of_Order_Cpu_Pipeline_Design/RTL/top/cpu_top.sv Line: 17
    Warning (13410): Pin "debug_alu[40]" is stuck at GND File: D:/VLSI/Out_Of_Order_Cpu_Pipeline_Design/RTL/top/cpu_top.sv Line: 17
    Warning (13410): Pin "debug_alu[41]" is stuck at GND File: D:/VLSI/Out_Of_Order_Cpu_Pipeline_Design/RTL/top/cpu_top.sv Line: 17
    Warning (13410): Pin "debug_alu[42]" is stuck at GND File: D:/VLSI/Out_Of_Order_Cpu_Pipeline_Design/RTL/top/cpu_top.sv Line: 17
    Warning (13410): Pin "debug_alu[43]" is stuck at GND File: D:/VLSI/Out_Of_Order_Cpu_Pipeline_Design/RTL/top/cpu_top.sv Line: 17
    Warning (13410): Pin "debug_alu[44]" is stuck at GND File: D:/VLSI/Out_Of_Order_Cpu_Pipeline_Design/RTL/top/cpu_top.sv Line: 17
    Warning (13410): Pin "debug_alu[45]" is stuck at GND File: D:/VLSI/Out_Of_Order_Cpu_Pipeline_Design/RTL/top/cpu_top.sv Line: 17
    Warning (13410): Pin "debug_alu[46]" is stuck at GND File: D:/VLSI/Out_Of_Order_Cpu_Pipeline_Design/RTL/top/cpu_top.sv Line: 17
    Warning (13410): Pin "debug_alu[47]" is stuck at GND File: D:/VLSI/Out_Of_Order_Cpu_Pipeline_Design/RTL/top/cpu_top.sv Line: 17
    Warning (13410): Pin "debug_alu[48]" is stuck at GND File: D:/VLSI/Out_Of_Order_Cpu_Pipeline_Design/RTL/top/cpu_top.sv Line: 17
    Warning (13410): Pin "debug_alu[49]" is stuck at GND File: D:/VLSI/Out_Of_Order_Cpu_Pipeline_Design/RTL/top/cpu_top.sv Line: 17
    Warning (13410): Pin "debug_alu[50]" is stuck at GND File: D:/VLSI/Out_Of_Order_Cpu_Pipeline_Design/RTL/top/cpu_top.sv Line: 17
    Warning (13410): Pin "debug_alu[51]" is stuck at GND File: D:/VLSI/Out_Of_Order_Cpu_Pipeline_Design/RTL/top/cpu_top.sv Line: 17
    Warning (13410): Pin "debug_alu[52]" is stuck at GND File: D:/VLSI/Out_Of_Order_Cpu_Pipeline_Design/RTL/top/cpu_top.sv Line: 17
    Warning (13410): Pin "debug_alu[53]" is stuck at GND File: D:/VLSI/Out_Of_Order_Cpu_Pipeline_Design/RTL/top/cpu_top.sv Line: 17
    Warning (13410): Pin "debug_alu[54]" is stuck at GND File: D:/VLSI/Out_Of_Order_Cpu_Pipeline_Design/RTL/top/cpu_top.sv Line: 17
    Warning (13410): Pin "debug_alu[55]" is stuck at GND File: D:/VLSI/Out_Of_Order_Cpu_Pipeline_Design/RTL/top/cpu_top.sv Line: 17
    Warning (13410): Pin "debug_alu[56]" is stuck at GND File: D:/VLSI/Out_Of_Order_Cpu_Pipeline_Design/RTL/top/cpu_top.sv Line: 17
    Warning (13410): Pin "debug_alu[57]" is stuck at GND File: D:/VLSI/Out_Of_Order_Cpu_Pipeline_Design/RTL/top/cpu_top.sv Line: 17
    Warning (13410): Pin "debug_alu[58]" is stuck at GND File: D:/VLSI/Out_Of_Order_Cpu_Pipeline_Design/RTL/top/cpu_top.sv Line: 17
    Warning (13410): Pin "debug_alu[59]" is stuck at GND File: D:/VLSI/Out_Of_Order_Cpu_Pipeline_Design/RTL/top/cpu_top.sv Line: 17
    Warning (13410): Pin "debug_alu[60]" is stuck at GND File: D:/VLSI/Out_Of_Order_Cpu_Pipeline_Design/RTL/top/cpu_top.sv Line: 17
    Warning (13410): Pin "debug_alu[61]" is stuck at GND File: D:/VLSI/Out_Of_Order_Cpu_Pipeline_Design/RTL/top/cpu_top.sv Line: 17
    Warning (13410): Pin "debug_alu[62]" is stuck at GND File: D:/VLSI/Out_Of_Order_Cpu_Pipeline_Design/RTL/top/cpu_top.sv Line: 17
    Warning (13410): Pin "debug_alu[63]" is stuck at GND File: D:/VLSI/Out_Of_Order_Cpu_Pipeline_Design/RTL/top/cpu_top.sv Line: 17
Info (16010): Generating hard_block partition "hard_block:auto_generated_inst"
    Info (16011): Adding 0 node(s), including 0 DDIO, 0 PLL, 0 transceiver and 0 LCELL
Info (21057): Implemented 320 device resources after synthesis - the final resource count might be different
    Info (21058): Implemented 2 input pins
    Info (21059): Implemented 128 output pins
    Info (21061): Implemented 161 logic cells
    Info (21064): Implemented 29 RAM segments
Info: Quartus Prime Analysis & Synthesis was successful. 0 errors, 44 warnings
    Info: Peak virtual memory: 4864 megabytes
    Info: Processing ended: Sat May 16 17:17:21 2026
    Info: Elapsed time: 00:00:11
    Info: Total CPU time (on all processors): 00:00:25


